<?xml version="1.0" encoding="UTF-8"?>
<testng-results ignored="0" total="1" passed="1" failed="0" skipped="0">
  <reporter-output>
  </reporter-output>
  <suite started-at="2025-10-29T21:34:07 IST" name="Default suite" finished-at="2025-10-29T21:34:07 IST" duration-ms="66">
    <groups>
    </groups>
    <test started-at="2025-10-29T21:34:07 IST" name="Default test" finished-at="2025-10-29T21:34:07 IST" duration-ms="66">
      <class name="com.kartik.selenium_framework.AppTest">
        <test-method signature="testApp()[pri:0, instance:com.kartik.selenium_framework.AppTest@79e2c065]" started-at="2025-10-29T21:34:07 IST" name="testApp" finished-at="2025-10-29T21:34:07 IST" duration-ms="21" status="PASS">
          <reporter-output>
          </reporter-output>
        </test-method> <!-- testApp -->
      </class> <!-- com.kartik.selenium_framework.AppTest -->
    </test> <!-- Default test -->
  </suite> <!-- Default suite -->
</testng-results>
