<?xml version="1.0" encoding="UTF-8"?>
<testng-results ignored="0" total="1" passed="1" failed="0" skipped="0">
  <reporter-output>
  </reporter-output>
  <suite started-at="2025-10-30T21:43:04 IST" name="Default suite" finished-at="2025-10-30T21:43:07 IST" duration-ms="2070">
    <groups>
    </groups>
    <test started-at="2025-10-30T21:43:04 IST" name="Default test" finished-at="2025-10-30T21:43:07 IST" duration-ms="2070">
      <class name="com.kartik.selenium_framework.tests.LoginTest">
        <test-method is-config="true" signature="setUp()[pri:0, instance:com.kartik.selenium_framework.tests.LoginTest@43bc63a3]" started-at="2025-10-30T21:43:04 IST" name="setUp" finished-at="2025-10-30T21:43:06 IST" duration-ms="1894" status="PASS">
          <reporter-output>
          </reporter-output>
        </test-method> <!-- setUp -->
        <test-method signature="testLaunch()[pri:0, instance:com.kartik.selenium_framework.tests.LoginTest@43bc63a3]" started-at="2025-10-30T21:43:06 IST" name="testLaunch" finished-at="2025-10-30T21:43:06 IST" duration-ms="6" status="PASS">
          <reporter-output>
          </reporter-output>
        </test-method> <!-- testLaunch -->
        <test-method is-config="true" signature="tearDown()[pri:0, instance:com.kartik.selenium_framework.tests.LoginTest@43bc63a3]" started-at="2025-10-30T21:43:06 IST" name="tearDown" finished-at="2025-10-30T21:43:07 IST" duration-ms="135" status="PASS">
          <reporter-output>
          </reporter-output>
        </test-method> <!-- tearDown -->
      </class> <!-- com.kartik.selenium_framework.tests.LoginTest -->
    </test> <!-- Default test -->
  </suite> <!-- Default suite -->
</testng-results>
